2024-10-06 00:25:19,369 Data Not found for MC 133524
2024-10-06 00:25:33,036 Data Not found for MC 133526
2024-10-06 00:26:53,240 Data Not found for MC 133524
2024-10-06 00:27:04,812 Data Not found for MC 133526
2024-10-06 00:31:01,496 HTTPError for MC 133524: HTTP Error 403: Forbidden
2024-10-06 00:31:12,586 HTTPError for MC 133525: HTTP Error 403: Forbidden
2024-10-06 00:31:22,723 HTTPError for MC 133526: HTTP Error 403: Forbidden
2024-10-06 00:31:56,717 HTTPError for MC 133524: HTTP Error 403: Forbidden
2024-10-06 00:32:04,193 HTTPError for MC 133525: HTTP Error 403: Forbidden
2024-10-06 00:32:14,452 Data Not found for MC 133526
2024-10-06 00:32:31,041 Data Not found for MC 133524
2024-10-06 00:32:43,075 Data Not found for MC 133526
2024-10-06 02:26:42,259 Data Not found for MC 133524
2024-10-06 02:32:31,875 Data Not found for MC 13352483
2024-10-06 02:37:05,283 Data Not found for MC 13352483
2024-10-07 21:32:30,912 HTTPError for MC 1335248: HTTP Error 403: Forbidden
2024-10-07 21:32:41,908 HTTPError for MC 1335248: HTTP Error 403: Forbidden
2024-10-07 21:33:08,882 HTTPError for MC 1335248: HTTP Error 403: Forbidden
2024-10-07 21:39:05,902 HTTPError for MC 1335248: HTTP Error 403: Forbidden
2024-10-07 21:39:30,109 HTTPError for MC 1335248: HTTP Error 403: Forbidden
2024-10-07 21:41:46,877 HTTPError for MC 1335248: HTTP Error 403: Forbidden
2024-10-07 21:44:17,683 HTTPError for MC 1335248: HTTP Error 403: Forbidden
2024-10-07 21:47:10,093 HTTPError for MC 1335248: HTTP Error 403: Forbidden
2024-10-07 21:50:52,710 HTTPError for MC 1335248: HTTP Error 403: Forbidden
2024-10-07 21:56:25,655 URLError for MC 1335248: <urlopen error Tunnel connection failed: 403 Forbidden>
2024-10-07 21:56:41,490 URLError for MC 1335248: <urlopen error Tunnel connection failed: 403 Forbidden>
2024-10-07 22:00:34,147 Error fetching data for MC 1335248: <urlopen error Tunnel connection failed: 403 Forbidden>
2024-10-07 22:00:48,137 Error fetching data for MC 1335248: <urlopen error Tunnel connection failed: 403 Forbidden>
2024-10-07 22:02:35,293 Error fetching data for MC 1335248: <urlopen error Tunnel connection failed: 403 Forbidden>
2024-10-07 22:02:47,921 Error fetching data for MC 1335248: <urlopen error Tunnel connection failed: 403 Forbidden>
2024-10-07 22:03:36,967 Error fetching data for MC 1335248: <urlopen error Tunnel connection failed: 403 Forbidden>
2024-10-07 22:06:23,345 Request to https://safer.fmcsa.dot.gov/query.asp?searchtype=ANY&query_type=queryCarrierSnapshot&query_param=MC_MX&query_string=133525 failed: <urlopen error Tunnel connection failed: 403 Forbidden>
2024-10-07 22:06:31,219 Request to https://safer.fmcsa.dot.gov/query.asp?searchtype=ANY&query_type=queryCarrierSnapshot&query_param=MC_MX&query_string=133525 failed: <urlopen error Tunnel connection failed: 403 Forbidden>
2024-10-07 22:06:44,112 Request to https://safer.fmcsa.dot.gov/query.asp?searchtype=ANY&query_type=queryCarrierSnapshot&query_param=MC_MX&query_string=133525 failed: <urlopen error Tunnel connection failed: 403 Forbidden>
2024-10-07 22:07:14,335 Request to https://safer.fmcsa.dot.gov/query.asp?searchtype=ANY&query_type=queryCarrierSnapshot&query_param=MC_MX&query_string=1335248 failed: <urlopen error Tunnel connection failed: 403 Forbidden>
2024-10-07 22:08:36,011 Request to https://safer.fmcsa.dot.gov/query.asp?searchtype=ANY&query_type=queryCarrierSnapshot&query_param=MC_MX&query_string=1335248 failed: <urlopen error Tunnel connection failed: 403 Forbidden>
2024-10-07 22:09:29,542 Error fetching data for MC 1335248: <urlopen error Tunnel connection failed: 403 Forbidden>
2024-10-07 22:10:06,920 Error fetching data for MC 1335248: <urlopen error Tunnel connection failed: 403 Forbidden>
2024-10-07 22:10:19,293 Error fetching data for MC 1335248: <urlopen error Tunnel connection failed: 403 Forbidden>
2024-10-07 22:10:30,324 Error fetching data for MC 1335248: <urlopen error Tunnel connection failed: 403 Forbidden>
2024-10-07 22:21:13,112 HTTPError for MC 1335248: HTTP Error 403: Forbidden
2024-10-07 23:18:17,018 Data Not found for MC 1335245
2024-10-08 01:03:08,890 Data Not found for MC 1348
2024-10-08 01:03:47,956 Data Not found for MC 1248
2024-10-08 01:06:40,759 Data Not found for MC 1248
2024-10-08 01:07:12,275 Data Not found for MC 13248
2024-10-08 01:07:33,613 Data Not found for MC 13248
2024-10-08 01:08:00,244 Data Not found for MC 13248
2024-10-08 01:08:05,314 Data Not found for MC 13248
2024-10-08 01:08:21,822 Data Not found for MC 35248
2024-10-08 01:09:46,781 Data Not found for MC 1248
2024-10-08 01:10:48,420 Data Not found for MC 1348
2024-10-08 09:39:32,603 Data Not found for MC 13248
2024-10-08 09:49:07,548 Data Not found for MC 148
2024-10-08 09:49:39,785 Data Not found for MC 148
2024-10-08 09:55:54,668 Data Not found for MC 248
2024-10-08 10:06:12,746 Data Not found for MC 248
2024-10-08 10:06:59,695 Data Not found for MC 5248
2024-10-08 10:09:03,438 Data Not found for MC 248
2024-10-08 10:09:33,644 Data Not found for MC 5248
2024-10-08 10:09:46,391 Data Not found for MC 5248
2024-10-08 10:11:41,368 Data Not found for MC 248
2024-10-08 10:26:23,214 Data Not found for MC 248
2024-10-08 10:31:33,329 Data Not found for MC 248
2024-10-08 11:15:20,912 Data Not found for MC 248
2024-10-08 11:59:12,924 Data Not found for MC 248
2024-10-08 12:12:49,935 Data Not found for MC 248
2024-10-08 12:41:04,696 Data Not found for MC 248
2024-10-08 12:43:51,111 Data Not found for MC 248
2024-10-08 12:50:34,008 Data Not found for MC 5248
2024-10-08 13:02:36,581 Data Not found for MC 148
2024-10-08 13:46:51,250 HTTPError for MC 1335248: HTTP Error 403: Forbidden
2024-10-08 22:08:08,905 HTTPError for MC 1335248: HTTP Error 403: Forbidden
2024-10-08 22:08:25,980 HTTPError for MC 1335248: HTTP Error 403: Forbidden
2024-10-08 22:58:40,651 HTTPError for MC 1335248: HTTP Error 403: Forbidden
2024-10-08 23:07:26,006 HTTPError for MC 1335248: HTTP Error 403: Forbidden
2024-10-09 02:32:34,668 HTTPError for MC 1335248: HTTP Error 403: Forbidden
2024-10-09 03:01:58,067 HTTPError for MC 1335248: HTTP Error 403: Forbidden
2024-10-09 13:38:24,262 HTTPError for MC 1335248: HTTP Error 403: Forbidden
2024-10-09 13:45:28,439 HTTPError for MC 1335248: HTTP Error 403: Forbidden
2024-10-09 13:56:56,190 HTTPError for MC 1335248: HTTP Error 403: Forbidden
2024-10-09 14:04:45,478 HTTPError for MC 1335248: HTTP Error 403: Forbidden
2024-10-09 14:08:23,504 HTTPError for MC 1335248: HTTP Error 403: Forbidden
2024-10-09 14:12:13,550 HTTPError for MC 1335248: HTTP Error 403: Forbidden
2024-10-09 14:12:24,452 HTTPError for MC 1335248: HTTP Error 403: Forbidden
2024-10-09 14:18:28,157 Data Not found for MC 1335234
2024-10-09 14:18:49,459 Data Not found for MC 1335236
2024-10-09 14:18:57,068 Data Not found for MC 1335237
